SF:lib/src/cached_query_flutter.dart
DA:32,0
DA:38,0
DA:44,0
DA:46,0
DA:49,0
DA:50,0
DA:60,0
DA:62,0
DA:63,0
DA:64,0
DA:66,0
DA:67,0
DA:70,0
DA:71,0
DA:74,0
DA:78,0
DA:79,0
DA:81,0
DA:82,0
DA:85,0
DA:86,0
DA:89,0
DA:95,0
DA:96,0
DA:104,0
DA:105,0
DA:113,0
DA:114,0
DA:115,0
DA:123,0
DA:127,0
DA:128,0
DA:129,0
DA:137,0
DA:138,0
DA:141,0
DA:143,0
DA:144,0
DA:145,0
DA:148,0
DA:153,0
DA:154,0
LF:42
LH:0
end_of_record
SF:lib/src/query_config_flutter.dart
DA:31,2
DA:53,0
DA:54,0
DA:60,0
DA:61,0
DA:65,0
DA:80,0
DA:82,0
DA:83,0
DA:85,0
DA:86,0
DA:87,0
DA:90,0
DA:91,0
DA:92,0
DA:96,0
DA:97,0
DA:98,0
DA:99,0
DA:100,0
DA:101,0
DA:102,0
DA:103,0
DA:104,0
LF:24
LH:1
end_of_record
SF:lib/src/mutation_builder.dart
DA:42,0
DA:49,0
DA:50,0
DA:57,0
DA:59,0
DA:60,0
DA:61,0
DA:62,0
DA:63,0
DA:64,0
DA:68,0
DA:69,0
DA:74,0
DA:76,0
DA:79,0
DA:81,0
DA:82,0
LF:17
LH:0
end_of_record
SF:lib/src/mutation_consumer.dart
DA:28,0
DA:37,0
DA:39,0
DA:40,0
DA:41,0
DA:42,0
DA:43,0
DA:44,0
DA:45,0
DA:46,0
LF:10
LH:0
end_of_record
SF:lib/src/mutation_listener.dart
DA:39,0
DA:47,0
DA:48,0
DA:55,0
DA:57,0
DA:58,0
DA:59,0
DA:60,0
DA:63,0
DA:66,0
DA:67,0
DA:71,0
DA:73,0
DA:76,0
DA:78,0
DA:79,0
LF:16
LH:0
end_of_record
SF:lib/src/query_builder.dart
DA:52,0
DA:61,0
DA:65,0
DA:66,0
DA:77,0
DA:79,0
DA:80,0
DA:81,0
DA:82,0
DA:84,0
DA:85,0
DA:87,0
DA:89,0
DA:90,0
DA:92,0
DA:94,0
DA:97,0
DA:99,0
DA:100,0
DA:101,0
DA:103,0
DA:104,0
DA:106,0
DA:107,0
DA:108,0
DA:109,0
DA:110,0
DA:112,0
DA:113,0
DA:118,0
DA:119,0
DA:120,0
DA:122,0
DA:127,0
DA:129,0
DA:132,0
DA:134,0
DA:135,0
DA:138,0
DA:139,0
DA:140,0
DA:141,0
DA:142,0
DA:146,0
DA:147,0
DA:148,0
DA:149,0
DA:153,0
DA:157,0
DA:158,0
DA:159,0
LF:51
LH:0
end_of_record
SF:lib/src/query_consumer.dart
DA:31,0
DA:41,0
DA:43,0
DA:44,0
DA:45,0
DA:46,0
DA:47,0
DA:48,0
DA:49,0
DA:50,0
DA:51,0
DA:52,0
LF:12
LH:0
end_of_record
SF:lib/src/query_listener.dart
DA:54,1
DA:64,1
DA:68,1
DA:69,1
DA:80,1
DA:82,1
DA:83,4
DA:85,2
DA:86,0
DA:88,0
DA:89,0
DA:92,0
DA:93,0
DA:95,0
DA:97,2
DA:98,3
DA:100,1
DA:101,3
DA:104,0
DA:106,0
DA:107,0
DA:108,0
DA:110,0
DA:111,0
DA:113,0
DA:114,0
DA:115,0
DA:116,0
DA:117,0
DA:119,0
DA:120,0
DA:125,0
DA:126,0
DA:127,0
DA:129,0
DA:134,1
DA:136,2
DA:139,1
DA:141,1
DA:142,1
DA:145,1
DA:146,3
DA:147,2
DA:148,0
DA:149,0
DA:153,5
DA:154,2
DA:157,3
DA:160,3
DA:161,1
DA:165,1
DA:166,2
DA:167,1
LF:53
LH:28
end_of_record
SF:lib/src/connectivity_controller.dart
DA:10,0
DA:27,0
DA:31,0
DA:33,0
DA:34,0
DA:35,0
DA:36,0
DA:38,0
DA:42,0
DA:48,0
DA:58,0
DA:61,0
DA:62,0
DA:66,0
DA:67,0
DA:73,0
DA:75,0
DA:76,0
DA:80,0
DA:84,0
DA:85,0
DA:88,0
DA:89,0
DA:91,0
DA:95,0
DA:96,0
DA:98,0
DA:99,0
DA:100,0
DA:105,0
DA:109,0
DA:110,0
DA:111,0
LF:33
LH:0
end_of_record
SF:lib/src/connectivity_service.dart
DA:8,0
DA:9,0
DA:10,0
DA:11,0
LF:4
LH:0
end_of_record
