SF:lib/src/connectivity_controller.dart
DA:11,3
DA:25,2
DA:30,1
DA:33,0
DA:34,0
DA:35,1
DA:39,1
DA:45,1
DA:54,0
DA:57,2
DA:58,2
DA:59,7
DA:60,1
DA:62,2
DA:68,2
DA:69,2
DA:72,4
DA:73,1
DA:75,1
DA:79,2
DA:80,3
DA:82,1
DA:83,2
DA:87,1
DA:91,0
DA:92,0
DA:93,0
LF:27
LH:21
end_of_record
SF:lib/src/connectivity_service.dart
DA:8,1
DA:9,1
DA:10,1
DA:11,0
LF:4
LH:3
end_of_record
SF:lib/src/cached_query_flutter.dart
DA:29,1
DA:35,1
DA:41,1
DA:44,2
DA:53,1
DA:55,3
DA:58,2
DA:60,1
DA:63,1
DA:64,1
DA:65,1
DA:67,0
DA:69,1
DA:70,1
DA:72,1
DA:74,0
DA:79,1
DA:84,0
DA:85,0
DA:86,0
DA:87,0
DA:92,0
DA:93,0
DA:94,0
DA:95,0
DA:101,1
DA:102,3
DA:107,0
DA:109,0
DA:110,0
LF:30
LH:17
end_of_record
SF:lib/src/infinite_query_builder.dart
DA:34,1
DA:40,1
DA:43,1
DA:45,1
DA:47,1
DA:57,1
DA:59,1
DA:60,2
DA:61,4
DA:62,1
DA:63,2
DA:64,1
DA:66,2
DA:67,3
DA:69,1
DA:70,3
DA:73,0
DA:75,0
DA:77,0
DA:79,0
DA:81,0
DA:82,0
DA:84,0
DA:85,0
DA:86,0
DA:87,0
DA:88,0
DA:90,0
DA:94,1
DA:96,5
DA:99,1
DA:101,1
DA:102,1
DA:105,1
DA:106,3
DA:107,5
DA:108,2
DA:109,1
DA:114,1
DA:115,2
DA:116,1
LF:41
LH:29
end_of_record
SF:lib/src/query_config_flutter.dart
DA:14,1
DA:23,1
LF:2
LH:2
end_of_record
SF:lib/src/mutation_builder.dart
DA:31,0
DA:35,0
DA:37,0
DA:38,0
DA:45,0
DA:47,0
DA:48,0
DA:49,0
DA:50,0
DA:51,0
DA:56,0
DA:58,0
DA:61,0
DA:63,0
DA:64,0
LF:15
LH:0
end_of_record
SF:lib/src/query_builder.dart
DA:25,1
DA:31,1
DA:34,1
DA:36,1
DA:37,1
DA:46,1
DA:48,1
DA:49,2
DA:50,4
DA:52,1
DA:53,0
DA:55,2
DA:56,1
DA:58,2
DA:59,3
DA:61,1
DA:62,3
DA:65,0
DA:67,0
DA:69,0
DA:71,0
DA:72,0
DA:73,0
DA:74,0
DA:75,0
DA:76,0
DA:77,0
DA:79,0
DA:83,1
DA:85,4
DA:88,1
DA:90,1
DA:91,1
DA:94,1
DA:95,3
DA:96,5
DA:97,2
DA:98,1
DA:103,1
DA:104,2
DA:105,1
LF:41
LH:29
end_of_record
