SF:lib/main.dart
DA:6,0
DA:7,0
DA:8,0
DA:9,0
DA:10,0
DA:15,0
DA:19,2
DA:21,1
LF:8
LH:2
end_of_record
SF:lib/posts/view/post_list_screen.dart
DA:13,1
DA:15,1
DA:16,1
DA:22,1
DA:24,1
DA:25,3
DA:28,1
DA:30,1
DA:31,1
DA:32,1
DA:34,1
DA:35,1
DA:36,1
DA:37,2
DA:38,0
DA:41,1
DA:48,1
DA:49,1
DA:50,1
DA:51,3
DA:52,1
DA:53,1
DA:54,1
DA:55,2
DA:56,0
DA:57,0
DA:58,0
DA:59,0
DA:60,0
DA:61,0
DA:63,0
DA:70,1
DA:71,1
DA:72,0
DA:73,0
DA:76,1
DA:79,2
DA:80,0
DA:89,1
DA:90,1
DA:91,3
DA:100,0
DA:101,0
DA:102,0
DA:103,0
DA:107,0
DA:108,0
DA:109,0
DA:110,0
DA:111,0
DA:114,0
DA:116,0
DA:117,0
DA:118,0
DA:119,0
LF:55
LH:30
end_of_record
SF:lib/posts/post_model/post_model.dart
DA:15,0
DA:16,0
DA:18,0
DA:19,0
DA:20,0
LF:5
LH:0
end_of_record
SF:lib/posts/post_model/post_model.g.dart
DA:9,0
DA:10,0
DA:11,0
DA:12,0
DA:13,0
DA:16,0
DA:17,0
DA:18,0
DA:19,0
DA:20,0
DA:21,0
LF:11
LH:0
end_of_record
SF:lib/posts/post_service.dart
DA:7,1
DA:8,1
DA:10,1
DA:13,0
DA:15,0
DA:16,0
DA:18,0
DA:21,1
DA:22,1
DA:23,2
DA:25,1
DA:26,1
DA:27,1
DA:29,1
DA:30,0
DA:31,0
DA:32,2
LF:17
LH:11
end_of_record
SF:lib/posts/view/post.dart
DA:8,0
DA:9,0
DA:11,0
DA:13,0
DA:18,0
DA:19,0
DA:20,0
DA:22,0
DA:24,0
DA:25,0
DA:27,0
DA:28,0
DA:29,0
DA:30,0
DA:32,0
DA:33,0
LF:16
LH:0
end_of_record
