SF:lib/src/util/page_equality.dart
DA:4,2
DA:5,3
DA:6,1
DA:8,2
LF:4
LH:4
end_of_record
SF:lib/src/query_config.dart
DA:39,6
DA:49,5
DA:59,3
DA:67,9
DA:69,9
DA:71,9
DA:73,9
DA:75,9
DA:77,9
DA:79,1
DA:82,1
DA:83,3
DA:84,3
DA:85,3
DA:86,3
DA:87,3
DA:88,3
DA:89,3
DA:91,0
DA:93,0
DA:94,0
DA:95,0
DA:96,0
DA:97,0
DA:98,0
LF:25
LH:18
end_of_record
SF:lib/src/query_state.dart
DA:46,4
DA:55,2
DA:61,2
DA:62,2
DA:63,2
DA:64,1
DA:65,2
DA:69,1
DA:72,1
DA:73,0
DA:74,0
DA:75,0
DA:76,0
DA:77,0
DA:79,0
DA:81,0
LF:16
LH:9
end_of_record
SF:lib/src/infinite_query_state.dart
DA:18,6
DA:21,2
DA:28,2
DA:37,2
DA:47,2
DA:48,2
DA:49,2
DA:50,2
DA:51,2
DA:52,2
DA:53,2
DA:57,1
DA:60,1
DA:61,0
DA:62,0
DA:63,0
DA:64,0
DA:65,0
DA:66,0
DA:68,0
DA:70,0
DA:71,0
DA:72,0
DA:73,0
DA:74,0
LF:25
LH:13
end_of_record
SF:lib/src/cached_query.dart
DA:36,15
DA:50,8
DA:53,8
DA:56,2
DA:59,5
DA:63,1
DA:64,1
DA:68,3
DA:70,3
DA:71,6
DA:72,3
DA:92,4
DA:97,8
DA:98,4
DA:101,2
DA:103,4
DA:104,4
DA:105,7
DA:109,4
DA:110,4
DA:111,8
DA:112,6
DA:122,1
DA:128,1
DA:131,1
DA:133,1
DA:135,1
DA:137,1
DA:140,2
DA:142,2
DA:145,1
DA:146,1
DA:152,1
DA:158,1
DA:161,1
DA:164,0
DA:166,1
DA:168,1
DA:172,2
DA:174,2
DA:175,0
DA:178,1
DA:179,1
DA:185,1
DA:186,1
DA:187,3
DA:188,1
DA:189,1
DA:192,1
DA:199,2
DA:204,1
DA:206,2
DA:207,1
DA:210,2
DA:211,4
DA:212,6
DA:216,3
DA:217,1
DA:226,4
DA:231,8
DA:233,1
DA:234,2
DA:235,3
DA:236,1
DA:237,3
DA:241,3
DA:242,6
DA:243,6
DA:245,0
DA:246,0
DA:250,8
DA:251,1
DA:252,2
DA:258,2
DA:259,4
DA:260,2
DA:261,4
DA:262,6
DA:271,5
DA:272,10
DA:273,15
DA:276,1
DA:279,2
DA:280,5
DA:281,1
LF:85
LH:81
end_of_record
SF:lib/src/infinite_query.dart
DA:66,2
DA:67,2
DA:70,0
DA:72,2
DA:87,2
DA:91,2
DA:92,2
DA:93,2
DA:98,2
DA:110,2
DA:111,2
DA:112,2
DA:113,1
DA:114,2
DA:126,2
DA:130,0
DA:137,1
DA:138,2
DA:139,2
DA:140,1
DA:141,1
DA:147,1
DA:149,2
DA:150,1
DA:151,1
DA:158,0
DA:159,0
DA:160,0
DA:161,0
DA:164,2
DA:166,2
DA:168,3
DA:169,2
DA:170,3
DA:171,2
DA:172,3
DA:173,2
DA:174,1
DA:175,1
DA:177,4
DA:178,2
DA:179,2
DA:180,2
DA:183,2
DA:184,9
DA:185,4
DA:187,2
DA:189,1
DA:190,2
DA:191,1
DA:196,1
DA:199,9
DA:200,2
DA:202,2
DA:203,3
DA:204,1
DA:206,2
DA:207,1
DA:208,1
DA:209,1
DA:214,0
DA:215,0
DA:220,0
DA:223,2
DA:226,1
DA:227,3
DA:228,4
DA:230,1
DA:231,2
DA:233,3
DA:234,1
DA:238,2
DA:239,1
DA:245,2
DA:246,3
DA:247,2
DA:249,0
DA:252,2
DA:253,1
DA:254,3
DA:260,1
DA:261,1
DA:263,1
DA:266,2
DA:268,1
DA:271,0
DA:272,0
DA:275,0
DA:276,0
DA:282,0
DA:286,1
DA:287,1
DA:291,2
DA:292,6
DA:293,6
DA:294,2
DA:296,8
DA:299,4
DA:302,0
DA:303,0
DA:308,0
DA:312,4
DA:313,2
DA:314,2
DA:316,2
DA:317,4
DA:318,6
DA:320,2
DA:324,4
DA:326,2
DA:329,2
DA:330,2
DA:332,2
DA:333,4
DA:339,6
DA:343,2
DA:344,2
DA:348,0
DA:349,0
DA:350,0
LF:120
LH:99
end_of_record
SF:lib/src/query.dart
DA:38,2
DA:49,2
DA:53,2
DA:54,2
DA:60,2
DA:68,2
DA:69,2
DA:73,2
DA:74,2
DA:82,2
DA:91,1
DA:92,1
DA:98,1
DA:99,3
DA:100,3
DA:101,1
DA:104,2
DA:106,2
DA:108,3
DA:109,2
DA:110,2
DA:111,3
DA:112,2
DA:113,1
DA:114,1
DA:116,4
DA:117,2
DA:118,2
DA:119,2
DA:122,2
DA:123,6
DA:124,2
DA:126,8
DA:128,2
DA:129,2
DA:130,0
DA:132,0
DA:136,4
DA:137,2
DA:138,2
DA:140,2
DA:141,4
DA:143,2
DA:147,4
DA:149,2
DA:152,2
DA:153,2
DA:155,2
DA:156,4
DA:162,4
DA:166,2
DA:167,2
LF:52
LH:50
end_of_record
SF:lib/src/query_base.dart
DA:47,6
DA:51,2
DA:57,0
DA:63,4
DA:69,2
DA:70,2
DA:73,2
DA:74,3
DA:75,2
DA:77,2
DA:90,3
DA:95,6
DA:106,1
DA:107,1
DA:111,2
DA:112,6
DA:118,3
DA:119,9
DA:120,3
DA:122,9
DA:127,3
DA:128,7
DA:131,3
DA:132,10
DA:133,4
DA:134,8
DA:138,3
DA:139,6
DA:140,8
DA:142,4
DA:144,6
DA:149,2
DA:150,2
DA:151,0
DA:152,0
DA:154,4
DA:155,2
DA:156,2
DA:157,2
DA:158,4
DA:159,2
DA:160,2
DA:163,2
DA:165,4
DA:169,3
DA:170,6
DA:171,15
DA:175,2
DA:176,2
DA:177,0
DA:181,2
DA:182,3
DA:183,2
DA:184,5
DA:189,0
DA:190,0
DA:191,0
LF:57
LH:50
end_of_record
SF:lib/src/mutation.dart
DA:62,0
DA:68,2
DA:70,2
DA:84,2
DA:85,2
DA:86,4
DA:91,2
DA:102,2
DA:104,4
DA:106,3
DA:110,2
DA:119,6
DA:124,2
DA:127,2
DA:130,1
DA:131,1
DA:132,0
DA:134,2
DA:135,1
DA:136,1
DA:137,2
DA:138,1
DA:139,1
DA:140,0
DA:145,2
DA:148,2
DA:149,6
DA:150,2
DA:152,2
DA:153,2
DA:157,4
DA:158,2
DA:159,2
DA:161,6
DA:162,2
DA:163,3
DA:164,2
DA:167,2
DA:168,3
DA:172,2
DA:173,2
DA:175,2
DA:176,4
DA:182,2
DA:186,2
DA:187,6
DA:188,2
DA:190,6
DA:194,2
DA:195,4
DA:215,2
DA:223,2
DA:228,2
DA:229,2
DA:230,0
DA:231,2
DA:235,1
DA:238,1
DA:239,0
DA:240,0
DA:241,0
DA:242,0
DA:244,0
DA:245,0
LF:64
LH:54
end_of_record
SF:lib/src/query_observer.dart
DA:10,2
DA:16,5
DA:22,4
DA:28,3
DA:35,3
DA:42,2
DA:49,2
LF:7
LH:7
end_of_record
SF:lib/src/util/encode_key.dart
DA:7,6
DA:8,6
DA:9,2
LF:3
LH:3
end_of_record
SF:lib/src/util/list_extension.dart
DA:4,2
DA:5,2
DA:12,2
LF:3
LH:3
end_of_record
SF:lib/src/mutation_cache.dart
DA:7,6
DA:9,2
DA:12,2
DA:13,4
DA:14,2
DA:20,0
DA:21,0
DA:22,0
DA:27,2
DA:28,2
DA:29,6
LF:11
LH:8
end_of_record
