SF:lib/src/query_state.dart
DA:3,1
DA:13,1
DA:21,1
DA:28,1
DA:29,1
DA:30,1
DA:31,0
DA:32,1
DA:33,0
DA:37,1
DA:40,1
DA:41,0
DA:42,0
DA:43,0
DA:44,0
DA:45,0
DA:46,0
DA:48,0
DA:50,0
DA:51,0
DA:52,0
DA:53,0
DA:54,0
LF:23
LH:9
end_of_record
SF:lib/src/cached_query.dart
DA:20,0
DA:25,0
DA:45,1
DA:55,1
DA:56,1
DA:57,1
DA:61,1
DA:70,1
DA:74,1
DA:96,0
DA:109,0
DA:110,0
DA:111,0
DA:115,0
DA:121,0
DA:122,0
DA:126,0
DA:130,0
DA:132,0
DA:137,0
DA:150,0
DA:154,0
DA:156,0
DA:159,0
DA:160,0
DA:166,0
DA:175,0
DA:176,0
DA:177,0
DA:181,0
DA:182,0
DA:184,0
DA:185,0
DA:188,0
DA:192,0
DA:194,0
DA:198,0
DA:202,0
DA:204,0
DA:208,0
DA:209,0
DA:212,1
DA:213,1
DA:214,0
LF:44
LH:9
end_of_record
SF:lib/src/query.dart
DA:11,1
DA:20,1
DA:22,2
DA:30,0
DA:32,0
DA:35,0
DA:36,0
DA:37,0
DA:39,0
DA:42,0
DA:43,0
DA:46,1
DA:47,1
DA:49,2
DA:50,0
DA:51,0
DA:52,0
DA:53,0
DA:55,2
DA:56,1
DA:57,1
DA:61,1
DA:62,1
DA:63,2
DA:64,1
DA:68,1
DA:70,2
DA:72,2
DA:73,1
DA:74,0
DA:80,2
DA:81,1
DA:82,2
DA:85,3
DA:87,1
DA:88,2
DA:90,1
DA:95,1
DA:98,0
DA:101,1
DA:106,0
DA:107,0
DA:108,0
LF:43
LH:26
end_of_record
SF:lib/src/query_base.dart
DA:5,1
DA:42,1
DA:53,0
DA:54,0
DA:58,0
DA:59,0
DA:65,1
DA:66,2
DA:67,1
DA:70,1
DA:71,2
DA:73,0
DA:75,0
DA:81,1
DA:82,2
DA:84,0
DA:87,0
DA:88,0
DA:92,0
DA:93,0
DA:95,0
DA:100,1
DA:101,1
DA:102,0
DA:104,2
DA:105,1
DA:107,1
DA:109,0
DA:110,0
DA:111,0
DA:112,0
DA:115,2
DA:119,0
DA:120,0
DA:121,0
DA:125,1
DA:126,1
DA:127,0
DA:131,0
DA:132,0
DA:133,0
DA:134,0
DA:139,0
DA:140,0
DA:144,0
DA:145,0
LF:46
LH:17
end_of_record
SF:lib/src/infinite_query.dart
DA:13,0
DA:27,0
DA:28,0
DA:33,0
DA:34,0
DA:36,0
DA:42,0
DA:43,0
DA:45,0
DA:46,0
DA:47,0
DA:50,0
DA:53,0
DA:54,0
DA:56,0
DA:57,0
DA:58,0
DA:59,0
DA:62,0
DA:64,0
DA:65,0
DA:66,0
DA:68,0
DA:70,0
DA:71,0
DA:75,0
DA:76,0
DA:77,0
DA:78,0
DA:83,0
DA:84,0
DA:85,0
DA:86,0
DA:87,0
DA:89,0
DA:92,0
DA:93,0
DA:94,0
DA:95,0
DA:98,0
DA:101,0
DA:102,0
DA:103,0
DA:104,0
DA:106,0
DA:113,0
DA:114,0
DA:115,0
DA:116,0
DA:119,0
DA:120,0
DA:121,0
DA:122,0
DA:123,0
DA:126,0
DA:128,0
DA:135,0
DA:136,0
DA:137,0
DA:139,0
DA:140,0
DA:142,0
DA:143,0
DA:150,0
DA:151,0
DA:152,0
DA:156,0
DA:158,0
DA:159,0
DA:160,0
DA:164,0
DA:166,0
DA:167,0
DA:169,0
DA:170,0
LF:75
LH:0
end_of_record
SF:lib/src/global_cache.dart
DA:5,1
DA:7,3
DA:11,0
DA:12,0
DA:28,0
DA:33,0
DA:34,0
DA:35,0
DA:37,0
DA:40,0
DA:43,0
DA:47,1
DA:48,2
DA:49,0
DA:53,1
DA:54,3
DA:58,0
DA:59,0
DA:60,0
DA:64,0
DA:65,0
DA:69,0
DA:73,0
DA:74,0
DA:76,0
DA:77,0
DA:81,0
DA:85,1
DA:87,0
DA:88,0
DA:92,2
LF:31
LH:8
end_of_record
SF:lib/src/infinite_query_state.dart
DA:13,0
DA:23,0
DA:31,0
DA:32,0
DA:33,0
DA:34,0
DA:35,0
DA:36,0
DA:37,0
DA:38,0
DA:42,0
DA:45,0
DA:46,0
DA:47,0
DA:48,0
DA:49,0
DA:50,0
DA:51,0
DA:52,0
DA:53,0
DA:55,0
DA:57,0
DA:58,0
DA:59,0
DA:60,0
DA:61,0
DA:62,0
DA:63,0
LF:28
LH:0
end_of_record
