SF:lib/main.dart
DA:6,0
DA:7,0
DA:8,0
DA:9,0
DA:13,0
DA:17,2
DA:20,1
LF:7
LH:2
end_of_record
SF:lib/posts/view/post_page.dart
DA:9,1
DA:11,1
DA:13,1
DA:14,4
DA:15,2
DA:16,1
DA:17,1
DA:19,1
DA:20,2
DA:21,1
DA:22,1
DA:27,1
DA:28,1
DA:30,0
DA:34,1
DA:35,1
DA:36,1
DA:37,1
DA:38,1
DA:39,1
DA:40,1
DA:42,1
DA:43,1
DA:44,0
DA:45,0
DA:46,0
DA:49,2
DA:50,1
DA:51,0
DA:52,0
DA:53,0
DA:60,1
DA:61,2
DA:62,1
DA:66,0
LF:35
LH:27
end_of_record
SF:lib/posts/blocs/post/post_state.dart
DA:8,2
DA:10,1
DA:11,4
LF:3
LH:3
end_of_record
SF:lib/posts/blocs/post/post_event.dart
DA:7,1
LF:1
LH:1
end_of_record
SF:lib/posts/blocs/post/post_bloc.dart
DA:15,2
DA:18,3
DA:19,2
DA:22,1
DA:26,1
DA:27,3
DA:28,1
DA:29,1
DA:30,1
DA:31,1
DA:32,2
DA:38,0
DA:39,0
LF:13
LH:11
end_of_record
SF:lib/posts/service/post_service.dart
DA:8,2
DA:10,1
DA:11,1
DA:12,1
DA:13,1
DA:14,1
DA:15,1
DA:17,1
DA:18,1
DA:20,0
DA:21,0
LF:11
LH:9
end_of_record
SF:lib/posts/models/post_model.dart
DA:7,0
DA:14,0
DA:15,0
DA:16,0
DA:17,0
DA:18,0
LF:6
LH:0
end_of_record
SF:lib/posts/view/post.dart
DA:8,0
DA:10,0
DA:12,0
DA:14,0
DA:15,0
DA:21,0
DA:22,0
DA:30,0
DA:31,0
LF:9
LH:0
end_of_record
