SF:lib/main.dart
DA:5,0
DA:6,0
DA:7,0
DA:8,0
DA:12,0
DA:16,2
DA:19,1
LF:7
LH:2
end_of_record
SF:lib/posts/view/post_page.dart
DA:8,1
DA:10,1
DA:11,1
DA:17,1
DA:19,1
DA:20,1
DA:22,1
DA:23,2
DA:24,1
DA:25,1
DA:26,2
DA:30,1
DA:31,1
DA:33,1
DA:37,1
DA:38,1
DA:39,1
DA:40,1
DA:42,1
DA:43,1
DA:44,0
DA:47,3
DA:48,1
DA:49,0
DA:54,2
DA:61,0
DA:62,0
LF:27
LH:23
end_of_record
SF:lib/posts/models/post_model.dart
DA:7,0
DA:14,0
DA:15,0
DA:16,0
DA:17,0
DA:18,0
LF:6
LH:0
end_of_record
SF:lib/posts/service/post_service.dart
DA:7,2
DA:9,1
DA:10,1
DA:11,1
DA:12,1
DA:13,1
DA:14,1
DA:16,1
DA:17,1
DA:19,0
DA:20,0
LF:11
LH:9
end_of_record
SF:lib/posts/view/post.dart
DA:10,1
DA:12,1
DA:14,1
DA:16,2
DA:17,1
DA:18,1
DA:19,1
DA:21,0
DA:23,0
DA:24,0
DA:30,0
DA:31,0
DA:39,0
DA:40,0
LF:14
LH:7
end_of_record
