SF:lib/main.dart
DA:8,0
DA:9,0
DA:10,0
DA:11,0
DA:16,0
DA:20,2
DA:23,1
DA:25,1
DA:27,1
DA:28,1
DA:29,0
DA:30,0
LF:12
LH:5
end_of_record
SF:lib/post/pages/details_page.dart
DA:7,1
DA:9,0
DA:11,0
DA:12,0
DA:13,0
DA:14,0
DA:16,0
LF:7
LH:1
end_of_record
SF:lib/post/pages/posts_with_builder.dart
DA:14,1
DA:16,0
DA:18,0
DA:19,0
DA:20,0
DA:21,0
DA:23,0
DA:24,0
DA:26,0
DA:40,1
DA:42,0
DA:43,0
DA:49,0
DA:51,0
DA:52,0
DA:55,0
DA:57,0
DA:58,0
DA:59,0
DA:60,0
DA:61,0
DA:62,0
DA:63,0
DA:64,0
DA:65,0
DA:66,0
DA:67,0
DA:68,0
DA:69,0
DA:70,0
DA:71,0
DA:72,0
DA:73,0
DA:81,0
DA:82,0
DA:83,0
DA:84,0
DA:87,0
DA:88,0
DA:97,0
DA:98,0
DA:99,0
DA:105,0
DA:123,0
DA:124,0
DA:125,0
DA:129,0
DA:130,0
DA:131,0
DA:132,0
DA:133,0
DA:136,0
DA:138,0
DA:139,0
DA:140,0
DA:141,0
LF:56
LH:2
end_of_record
SF:lib/post/pages/post_list_page.dart
DA:10,1
DA:12,1
DA:14,1
DA:15,2
DA:16,1
DA:17,1
DA:18,1
DA:19,1
DA:20,1
DA:22,1
DA:23,1
DA:24,2
DA:25,0
DA:36,1
DA:42,1
DA:43,1
DA:45,0
DA:59,1
DA:61,1
DA:62,1
DA:68,1
DA:70,1
DA:71,3
DA:72,4
DA:75,1
DA:77,1
DA:78,1
DA:79,1
DA:81,0
DA:82,0
DA:84,0
DA:85,0
DA:86,0
DA:87,0
DA:88,0
DA:89,0
DA:101,2
DA:115,0
DA:116,0
DA:119,0
DA:120,0
DA:121,0
DA:122,0
DA:123,0
DA:126,0
DA:128,0
DA:129,0
DA:130,0
DA:131,0
LF:49
LH:27
end_of_record
SF:lib/post/blocs/post/post_state.dart
DA:10,2
DA:16,1
DA:17,4
DA:19,1
DA:25,1
DA:26,0
DA:27,0
DA:28,0
LF:8
LH:5
end_of_record
SF:lib/post/blocs/post/post_event.dart
DA:7,0
DA:8,0
DA:12,0
DA:13,0
LF:4
LH:0
end_of_record
SF:lib/post/blocs/post/post_bloc.dart
DA:18,2
DA:20,3
DA:21,2
DA:24,1
DA:28,2
DA:30,1
DA:31,1
DA:32,1
DA:33,2
DA:34,3
DA:35,2
DA:38,1
DA:44,0
DA:47,0
LF:14
LH:12
end_of_record
SF:lib/post/models/post_model.dart
DA:9,0
DA:16,0
DA:17,0
DA:18,0
DA:19,0
DA:20,0
DA:23,0
DA:24,0
DA:25,0
DA:26,0
DA:28,0
DA:30,0
DA:31,0
LF:13
LH:0
end_of_record
SF:lib/post/repos/post_repo.dart
DA:9,1
DA:10,1
DA:12,1
DA:13,1
DA:14,2
DA:16,1
DA:17,2
LF:7
LH:7
end_of_record
SF:lib/post/blocs/post_with_builder/post_with_builder_state.dart
DA:6,0
DA:7,0
DA:13,0
DA:15,0
DA:16,0
LF:5
LH:0
end_of_record
SF:lib/post/blocs/post_with_builder/post_with_builder_bloc.dart
DA:18,0
DA:19,0
DA:20,0
DA:23,0
DA:27,0
DA:28,0
DA:31,0
DA:35,0
LF:8
LH:0
end_of_record
SF:lib/post/widgets/post.dart
DA:8,0
DA:10,0
DA:12,0
DA:17,0
DA:18,0
DA:19,0
DA:21,0
DA:23,0
DA:24,0
DA:26,0
DA:27,0
DA:28,0
DA:29,0
DA:31,0
LF:14
LH:0
end_of_record
SF:lib/post/services/post.service.dart
DA:6,1
DA:10,1
DA:11,1
DA:13,1
DA:15,1
DA:17,0
LF:6
LH:5
end_of_record
